<?xml version="1.0" encoding="UTF-8"?>
<testsuite name="com.gojek.pasti.conway.GameControllerTest" tests="5" skipped="0" failures="0" errors="0" timestamp="2020-10-23T20:02:34" hostname="aditya.aggarwal" time="0.111">
  <properties/>
  <testcase name="startGame_WhenInputPatternIsGiven_ShouldInitializeGridWithInputPattern()" classname="com.gojek.pasti.conway.GameControllerTest" time="0.002"/>
  <testcase name="startGame_WhenInputPatternIsStaticBlock_ShouldShowBlockForNumberOfIterations()" classname="com.gojek.pasti.conway.GameControllerTest" time="0.104"/>
  <testcase name="startGame_WhenInputPatternIsHorizontalBlinker_ShouldDisplayHorizontalBlinkerAfterTwoIterations()" classname="com.gojek.pasti.conway.GameControllerTest" time="0.001"/>
  <testcase name="startGame_WhenInputPatternIsHorizontalBlinker_ShouldDisplayHorizontalBlinker()" classname="com.gojek.pasti.conway.GameControllerTest" time="0.0"/>
  <testcase name="startGame_WhenInputPatternIsHorizontalBlinker_ShouldDisplayVerticalBlinkerAfterOneIteration()" classname="com.gojek.pasti.conway.GameControllerTest" time="0.001"/>
  <system-out><![CDATA[]]></system-out>
  <system-err><![CDATA[]]></system-err>
</testsuite>
